0 info it worked if it ends with ok
1 verbose cli [ '/usr/bin/nodejs', '/usr/bin/npm', 'start' ]
2 info using npm@4.0.5
3 info using node@v7.4.0
4 verbose run-script [ 'prestart', 'start', 'poststart' ]
5 info lifecycle hirecab.com@1.0.1~prestart: hirecab.com@1.0.1
6 silly lifecycle hirecab.com@1.0.1~prestart: no script for prestart, continuing
7 info lifecycle hirecab.com@1.0.1~start: hirecab.com@1.0.1
8 verbose lifecycle hirecab.com@1.0.1~start: unsafe-perm in lifecycle true
9 verbose lifecycle hirecab.com@1.0.1~start: PATH: /usr/lib/node_modules/npm/bin/node-gyp-bin:/home/ashwinik/Desktop/learnNode/node_modules/.bin:/usr/local/heroku/bin:/home/ashwinik/.rbenv/plugins/ruby-build/bin:/home/ashwinik/.rbenv/shims:/home/ashwinik/.rbenv/bin:/usr/local/sbin:/usr/local/bin:/usr/sbin:/usr/bin:/sbin:/bin:/usr/games:/usr/local/games:/snap/bin
10 verbose lifecycle hirecab.com@1.0.1~start: CWD: /home/ashwinik/Desktop/learnNode
11 silly lifecycle hirecab.com@1.0.1~start: Args: [ '-c',
11 silly lifecycle   'nodemon server.js --exec babel-node --presets es2015  ' ]
12 silly lifecycle hirecab.com@1.0.1~start: Returned: code: 1  signal: null
13 info lifecycle hirecab.com@1.0.1~start: Failed to exec start script
14 verbose stack Error: hirecab.com@1.0.1 start: `nodemon server.js --exec babel-node --presets es2015  `
14 verbose stack Exit status 1
14 verbose stack     at EventEmitter.<anonymous> (/usr/lib/node_modules/npm/lib/utils/lifecycle.js:279:16)
14 verbose stack     at emitTwo (events.js:106:13)
14 verbose stack     at EventEmitter.emit (events.js:191:7)
14 verbose stack     at ChildProcess.<anonymous> (/usr/lib/node_modules/npm/lib/utils/spawn.js:40:14)
14 verbose stack     at emitTwo (events.js:106:13)
14 verbose stack     at ChildProcess.emit (events.js:191:7)
14 verbose stack     at maybeClose (internal/child_process.js:885:16)
14 verbose stack     at Process.ChildProcess._handle.onexit (internal/child_process.js:226:5)
15 verbose pkgid hirecab.com@1.0.1
16 verbose cwd /home/ashwinik/Desktop/learnNode
17 error Linux 4.4.0-96-generic
18 error argv "/usr/bin/nodejs" "/usr/bin/npm" "start"
19 error node v7.4.0
20 error npm  v4.0.5
21 error code ELIFECYCLE
22 error hirecab.com@1.0.1 start: `nodemon server.js --exec babel-node --presets es2015  `
22 error Exit status 1
23 error Failed at the hirecab.com@1.0.1 start script 'nodemon server.js --exec babel-node --presets es2015  '.
23 error Make sure you have the latest version of node.js and npm installed.
23 error If you do, this is most likely a problem with the hirecab.com package,
23 error not with npm itself.
23 error Tell the author that this fails on your system:
23 error     nodemon server.js --exec babel-node --presets es2015
23 error You can get information on how to open an issue for this project with:
23 error     npm bugs hirecab.com
23 error Or if that isn't available, you can get their info via:
23 error     npm owner ls hirecab.com
23 error There is likely additional logging output above.
24 verbose exit [ 1, true ]
